21:33:33 **** Incremental Build of configuration release for project inet ****
make MODE=release -j4 all 
cd src && make
make[1]: Entering directory '/home/tsn3/omnetpp-5.6.1/workspacegcl/inet/src'
opp_featuretool: Error: NED package 'inet.tutorials.wireless' in feature 'wirelesstutorial' was not found.
opp_featuretool: Error: NED package 'inet.tutorials.visualization' in feature 'visualizationtutorial' was not found.
opp_featuretool: Error: NED package 'inet.tutorials.configurator' in feature 'configuratortutorial' was not found.
opp_featuretool: Error: NED package 'inet.tutorials.rip' in feature 'riptutorial' was not found.
opp_featuretool: Error: NED package 'inet.showcases.general' in feature 'generalshowcases' was not found.
opp_featuretool: Error: NED package 'inet.showcases.visualizer' in feature 'visualizershowcases' was not found.
opp_featuretool: Error: NED package 'inet.showcases.wireless' in feature 'wirelessshowcases' was not found.
opp_featuretool: Error: NED package 'inet.tutorials.wireless' in feature 'wirelesstutorial' was not found.
opp_featuretool: Error: NED package 'inet.tutorials.visualization' in feature 'visualizationtutorial' was not found.
opp_featuretool: Error: NED package 'inet.tutorials.configurator' in feature 'configuratortutorial' was not found.
opp_featuretool: Error: NED package 'inet.tutorials.rip' in feature 'riptutorial' was not found.
opp_featuretool: Error: NED package 'inet.showcases.general' in feature 'generalshowcases' was not found.
opp_featuretool: Error: NED package 'inet.showcases.visualizer' in feature 'visualizershowcases' was not found.
opp_featuretool: Error: NED package 'inet.showcases.wireless' in feature 'wirelessshowcases' was not found.
opp_featuretool: Error: NED package 'inet.tutorials.wireless' in feature 'wirelesstutorial' was not found.
opp_featuretool: Error: NED package 'inet.tutorials.visualization' in feature 'visualizationtutorial' was not found.
opp_featuretool: Error: NED package 'inet.tutorials.configurator' in feature 'configuratortutorial' was not found.
opp_featuretool: Error: NED package 'inet.tutorials.rip' in feature 'riptutorial' was not found.
opp_featuretool: Error: NED package 'inet.showcases.general' in feature 'generalshowcases' was not found.
opp_featuretool: Error: NED package 'inet.showcases.visualizer' in feature 'visualizershowcases' was not found.
opp_featuretool: Error: NED package 'inet.showcases.wireless' in feature 'wirelessshowcases' was not found.
opp_featuretool: Error: NED package 'inet.tutorials.wireless' in feature 'wirelesstutorial' was not found.
opp_featuretool: Error: NED package 'inet.tutorials.visualization' in feature 'visualizationtutorial' was not found.
opp_featuretool: Error: NED package 'inet.tutorials.configurator' in feature 'configuratortutorial' was not found.
opp_featuretool: Error: NED package 'inet.tutorials.rip' in feature 'riptutorial' was not found.
opp_featuretool: Error: NED package 'inet.showcases.general' in feature 'generalshowcases' was not found.
opp_featuretool: Error: NED package 'inet.showcases.visualizer' in feature 'visualizershowcases' was not found.
opp_featuretool: Error: NED package 'inet.showcases.wireless' in feature 'wirelessshowcases' was not found.
*** COMPILING with:
clang++ -c -std=c++11 -O3 -DNDEBUG=1 -MMD -MP -MF .d  -fPIC  -Wno-deprecated-register -Wno-unused-function -fno-omit-frame-pointer -DHAVE_SWAPCONTEXT -DWITH_MPI -DXMLPARSER=libxml -DPREFER_QTENV -DWITH_QTENV -DWITH_PARSIM -DWITH_NETBUILDER -DWITH_OSG -DWITH_OSGEARTH -Wno-overloaded-virtual -include inet/common/precompiled_release.h  -DINET_EXPORT -I. -I/home/tsn3/omnetpp-5.6.1/include
*** LINKING with:
clang++ -shared -fPIC -o ../out/clang-release/src/libINET.so -Wl,--no-as-needed -Wl,--whole-archive  -Wl,--no-whole-archive -loppenvir -loppsim -ldl -lstdc++  -losg -losgText -losgDB -losgGA -losgViewer -losgUtil -lOpenThreads  -losgEarth -losgEarthUtil  -Wl,-rpath,/home/tsn3/omnetpp-5.6.1/lib -Wl,-rpath,/lib -Wl,-rpath,.  -L/home/tsn3/omnetpp-5.6.1/lib
Building...
make[1]: Nothing to be done for 'all-pch'.
make[1]: Leaving directory '/home/tsn3/omnetpp-5.6.1/workspacegcl/inet/src'
21:33:34 **** Incremental Build of configuration gcc-release for project nesting ****
make MODE=release -j4 all 
cd src && make
make[1]: Entering directory '/home/tsn3/omnetpp-5.6.1/workspacegcl/nesting/src'
nesting/application/ethernet/VlanEtherTrafGenGCL.cc
nesting/application/ethernet/VlanEtherTrafGenGCL2.cc
In file included from nesting/application/ethernet/VlanEtherTrafGenGCL.cc:16:
In file included from ./nesting/application/ethernet/VlanEtherTrafGenGCL.h:22:
In file included from ./nesting/ieee8021q/queue/gating/GateController.h:30:
In file included from ../../inet/src/inet/linklayer/ethernet/EtherMacFullDuplex.h:22:
../../inet/src/inet/linklayer/ethernet/EtherMacBase.h:208:18: warning: 'inet::EtherMacBase::finish' hides overloaded virtual function [-Woverloaded-virtual]
    virtual void finish() override;
                 ^
/home/tsn3/omnetpp-5.6.1/include/omnetpp/clistener.h:118:18: note: hidden overloaded virtual function 'omnetpp::cIListener::finish' declared here: different number of parameters (2 vs 0)
    virtual void finish(cComponent *component, simsignal_t signalID) {}
                 ^
In file included from nesting/application/ethernet/VlanEtherTrafGenGCL2.cc:16:
In file included from ./nesting/application/ethernet/VlanEtherTrafGenGCL2.h:22:
In file included from ./nesting/ieee8021q/queue/gating/GateController.h:30:
In file included from ../../inet/src/inet/linklayer/ethernet/EtherMacFullDuplex.h:22:
../../inet/src/inet/linklayer/ethernet/EtherMacBase.h:208:18: warning: 'inet::EtherMacBase::finish' hides overloaded virtual function [-Woverloaded-virtual]
    virtual void finish() override;
                 ^
/home/tsn3/omnetpp-5.6.1/include/omnetpp/clistener.h:118:18: note: hidden overloaded virtual function 'omnetpp::cIListener::finish' declared here: different number of parameters (2 vs 0)
    virtual void finish(cComponent *component, simsignal_t signalID) {}
                 ^
In file included from nesting/application/ethernet/VlanEtherTrafGenGCL.cc:16:
In file included from ./nesting/application/ethernet/VlanEtherTrafGenGCL.h:22:
In file included from ./nesting/ieee8021q/queue/gating/GateController.h:32:
In file included from ./nesting/linklayer/framePreemption/EtherMACFullDuplexPreemptable.h:25:
In file included from ./nesting/ieee8021q/queue/TransmissionSelection.h:23:
In file included from ./nesting/ieee8021q/queue/gating/TransmissionGate.h:29:
In file included from ./nesting/ieee8021q/queue/transmissionSelectionAlgorithms/TSAlgorithm.h:25:
./nesting/ieee8021q/queue/framePreemption/LengthAwareQueue.h:104:18: warning: 'isExpressQueue' overrides a member function but is not marked 'override' [-Winconsistent-missing-override]
    virtual bool isExpressQueue();
                 ^
./nesting/ieee8021q/queue/framePreemption/IPreemptableQueue.h:34:18: note: overridden virtual function is here
    virtual bool isExpressQueue() = 0;
                 ^
In file included from nesting/application/ethernet/VlanEtherTrafGenGCL.cc:16:
In file included from ./nesting/application/ethernet/VlanEtherTrafGenGCL.h:22:
In file included from ./nesting/ieee8021q/queue/gating/GateController.h:32:
In file included from ./nesting/linklayer/framePreemption/EtherMACFullDuplexPreemptable.h:25:
In file included from ./nesting/ieee8021q/queue/TransmissionSelection.h:23:
In file included from ./nesting/ieee8021q/queue/gating/TransmissionGate.h:29:
./nesting/ieee8021q/queue/transmissionSelectionAlgorithms/TSAlgorithm.h:91:18: warning: 'isExpressQueue' overrides a member function but is not marked 'override' [-Winconsistent-missing-override]
    virtual bool isExpressQueue();
                 ^
./nesting/ieee8021q/queue/framePreemption/IPreemptableQueue.h:34:18: note: overridden virtual function is here
    virtual bool isExpressQueue() = 0;
                 ^
In file included from nesting/application/ethernet/VlanEtherTrafGenGCL.cc:16:
In file included from ./nesting/application/ethernet/VlanEtherTrafGenGCL.h:22:
In file included from ./nesting/ieee8021q/queue/gating/GateController.h:32:
In file included from ./nesting/linklayer/framePreemption/EtherMACFullDuplexPreemptable.h:25:
In file included from ./nesting/ieee8021q/queue/TransmissionSelection.h:23:
./nesting/ieee8021q/queue/gating/TransmissionGate.h:173:18: warning: 'isExpressQueue' overrides a member function but is not marked 'override' [-Winconsistent-missing-override]
    virtual bool isExpressQueue();
                 ^
./nesting/ieee8021q/queue/framePreemption/IPreemptableQueue.h:34:18: note: overridden virtual function is here
    virtual bool isExpressQueue() = 0;
                 ^
In file included from nesting/application/ethernet/VlanEtherTrafGenGCL2.cc:16:
In file included from ./nesting/application/ethernet/VlanEtherTrafGenGCL2.h:22:
In file included from ./nesting/ieee8021q/queue/gating/GateController.h:32:
In file included from ./nesting/linklayer/framePreemption/EtherMACFullDuplexPreemptable.h:25:
In file included from ./nesting/ieee8021q/queue/TransmissionSelection.h:23:
In file included from ./nesting/ieee8021q/queue/gating/TransmissionGate.h:29:
In file included from ./nesting/ieee8021q/queue/transmissionSelectionAlgorithms/TSAlgorithm.h:25:
./nesting/ieee8021q/queue/framePreemption/LengthAwareQueue.h:104:18: warning: 'isExpressQueue' overrides a member function but is not marked 'override' [-Winconsistent-missing-override]
    virtual bool isExpressQueue();
                 ^
./nesting/ieee8021q/queue/framePreemption/IPreemptableQueue.h:34:18: note: overridden virtual function is here
    virtual bool isExpressQueue() = 0;
                 ^
In file included from nesting/application/ethernet/VlanEtherTrafGenGCL2.cc:16:
In file included from ./nesting/application/ethernet/VlanEtherTrafGenGCL2.h:22:
In file included from ./nesting/ieee8021q/queue/gating/GateController.h:32:
In file included from ./nesting/linklayer/framePreemption/EtherMACFullDuplexPreemptable.h:25:
In file included from ./nesting/ieee8021q/queue/TransmissionSelection.h:23:
In file included from ./nesting/ieee8021q/queue/gating/TransmissionGate.h:29:
./nesting/ieee8021q/queue/transmissionSelectionAlgorithms/TSAlgorithm.h:91:18: warning: 'isExpressQueue' overrides a member function but is not marked 'override' [-Winconsistent-missing-override]
    virtual bool isExpressQueue();
                 ^
./nesting/ieee8021q/queue/framePreemption/IPreemptableQueue.h:34:18: note: overridden virtual function is here
    virtual bool isExpressQueue() = 0;
                 ^
In file included from nesting/application/ethernet/VlanEtherTrafGenGCL2.cc:16:
In file included from ./nesting/application/ethernet/VlanEtherTrafGenGCL2.h:22:
In file included from ./nesting/ieee8021q/queue/gating/GateController.h:32:
In file included from ./nesting/linklayer/framePreemption/EtherMACFullDuplexPreemptable.h:25:
In file included from ./nesting/ieee8021q/queue/TransmissionSelection.h:23:
./nesting/ieee8021q/queue/gating/TransmissionGate.h:173:18: warning: 'isExpressQueue' overrides a member function but is not marked 'override' [-Winconsistent-missing-override]
    virtual bool isExpressQueue();
                 ^
./nesting/ieee8021q/queue/framePreemption/IPreemptableQueue.h:34:18: note: overridden virtual function is here
    virtual bool isExpressQueue() = 0;
                 ^
In file included from nesting/application/ethernet/VlanEtherTrafGenGCL2.cc:16:
In file included from ./nesting/application/ethernet/VlanEtherTrafGenGCL2.h:22:
In file included from ./nesting/ieee8021q/queue/gating/GateController.h:32:
./nesting/linklayer/framePreemption/EtherMACFullDuplexPreemptable.h:100:18: warning: 'packetEnqueued' overrides a member function but is not marked 'override' [-Winconsistent-missing-override]
    virtual void packetEnqueued(IPassiveQueue *queue);
                 ^
../../inet/src/inet/common/queue/IPassiveQueue.h:91:18: note: overridden virtual function is here
    virtual void packetEnqueued(IPassiveQueue *queue) = 0;
                 ^
In file included from nesting/application/ethernet/VlanEtherTrafGenGCL.cc:16:
In file included from ./nesting/application/ethernet/VlanEtherTrafGenGCL.h:22:
In file included from ./nesting/ieee8021q/queue/gating/GateController.h:32:
./nesting/linklayer/framePreemption/EtherMACFullDuplexPreemptable.h:100:18: warning: 'packetEnqueued' overrides a member function but is not marked 'override' [-Winconsistent-missing-override]
    virtual void packetEnqueued(IPassiveQueue *queue);
                 ^
../../inet/src/inet/common/queue/IPassiveQueue.h:91:18: note: overridden virtual function is here
    virtual void packetEnqueued(IPassiveQueue *queue) = 0;
                 ^
In file included from nesting/application/ethernet/VlanEtherTrafGenGCL2.cc:18:
./nesting/application/ethernet/VlanEtherTrafGenSched.h:92:18: warning: 'nesting::VlanEtherTrafGenSched::sendDelayed' hides overloaded virtual functions [-Woverloaded-virtual]
    virtual void sendDelayed(cMessage *msg);
                 ^
/home/tsn3/omnetpp-5.6.1/include/omnetpp/csimplemodule.h:215:18: note: hidden overloaded virtual function 'omnetpp::cSimpleModule::sendDelayed' declared here: different number of parameters (3 vs 1)
    virtual void sendDelayed(cMessage *msg, simtime_t delay, int gateid);
                 ^
/home/tsn3/omnetpp-5.6.1/include/omnetpp/csimplemodule.h:222:18: note: hidden overloaded virtual function 'omnetpp::cSimpleModule::sendDelayed' declared here: different number of parameters (4 vs 1)
    virtual void sendDelayed(cMessage *msg, simtime_t delay, const char *gatename, int gateindex=-1);
                 ^
/home/tsn3/omnetpp-5.6.1/include/omnetpp/csimplemodule.h:228:18: note: hidden overloaded virtual function 'omnetpp::cSimpleModule::sendDelayed' declared here: different number of parameters (3 vs 1)
    virtual void sendDelayed(cMessage *msg, simtime_t delay, cGate *outputgate);
                 ^
In file included from nesting/application/ethernet/VlanEtherTrafGenGCL.cc:18:
./nesting/application/ethernet/VlanEtherTrafGenSched.h:92:18: warning: 'nesting::VlanEtherTrafGenSched::sendDelayed' hides overloaded virtual functions [-Woverloaded-virtual]
    virtual void sendDelayed(cMessage *msg);
                 ^
/home/tsn3/omnetpp-5.6.1/include/omnetpp/csimplemodule.h:215:18: note: hidden overloaded virtual function 'omnetpp::cSimpleModule::sendDelayed' declared here: different number of parameters (3 vs 1)
    virtual void sendDelayed(cMessage *msg, simtime_t delay, int gateid);
                 ^
/home/tsn3/omnetpp-5.6.1/include/omnetpp/csimplemodule.h:222:18: note: hidden overloaded virtual function 'omnetpp::cSimpleModule::sendDelayed' declared here: different number of parameters (4 vs 1)
    virtual void sendDelayed(cMessage *msg, simtime_t delay, const char *gatename, int gateindex=-1);
                 ^
/home/tsn3/omnetpp-5.6.1/include/omnetpp/csimplemodule.h:228:18: note: hidden overloaded virtual function 'omnetpp::cSimpleModule::sendDelayed' declared here: different number of parameters (3 vs 1)
    virtual void sendDelayed(cMessage *msg, simtime_t delay, cGate *outputgate);
                 ^
nesting/application/ethernet/VlanEtherTrafGenGCL2.cc:132:25: warning: unused variable 'is_first_decrease_switch' [-Wunused-variable]
            static bool is_first_decrease_switch = true;
                        ^
nesting/application/ethernet/VlanEtherTrafGenGCL2.cc:148:25: warning: unused variable 'is_first_increase_switch' [-Wunused-variable]
            static bool is_first_increase_switch = true;
                        ^
In file included from nesting/application/ethernet/VlanEtherTrafGenGCL2.cc:16:
./nesting/application/ethernet/VlanEtherTrafGenGCL2.h:45:11: warning: private field 'result_file_location' is not used [-Wunused-private-field]
    cPar* result_file_location;
          ^
In file included from nesting/application/ethernet/VlanEtherTrafGenGCL.cc:16:
./nesting/application/ethernet/VlanEtherTrafGenGCL.h:45:11: warning: private field 'result_file_location' is not used [-Wunused-private-field]
    cPar* result_file_location;
          ^
9 warnings generated.
7 warnings generated.
Creating shared library: ../out/clang-release/src/libnesting.so
make[1]: Leaving directory '/home/tsn3/omnetpp-5.6.1/workspacegcl/nesting/src'
cd simulations && make
make[1]: Entering directory '/home/tsn3/omnetpp-5.6.1/workspacegcl/nesting/simulations'
make[1]: Nothing to be done for 'all'.
make[1]: Leaving directory '/home/tsn3/omnetpp-5.6.1/workspacegcl/nesting/simulations'
21:33:50 **** Incremental Build of configuration release for project inet ****
make MODE=release -j4 all 
cd src && make
make[1]: Entering directory '/home/tsn3/omnetpp-5.6.1/workspacegcl/inet/src'
opp_featuretool: Error: NED package 'inet.tutorials.wireless' in feature 'wirelesstutorial' was not found.
opp_featuretool: Error: NED package 'inet.tutorials.visualization' in feature 'visualizationtutorial' was not found.
opp_featuretool: Error: NED package 'inet.tutorials.configurator' in feature 'configuratortutorial' was not found.
opp_featuretool: Error: NED package 'inet.tutorials.rip' in feature 'riptutorial' was not found.
opp_featuretool: Error: NED package 'inet.showcases.general' in feature 'generalshowcases' was not found.
opp_featuretool: Error: NED package 'inet.showcases.visualizer' in feature 'visualizershowcases' was not found.
opp_featuretool: Error: NED package 'inet.showcases.wireless' in feature 'wirelessshowcases' was not found.
opp_featuretool: Error: NED package 'inet.tutorials.wireless' in feature 'wirelesstutorial' was not found.
opp_featuretool: Error: NED package 'inet.tutorials.visualization' in feature 'visualizationtutorial' was not found.
opp_featuretool: Error: NED package 'inet.tutorials.configurator' in feature 'configuratortutorial' was not found.
opp_featuretool: Error: NED package 'inet.tutorials.rip' in feature 'riptutorial' was not found.
opp_featuretool: Error: NED package 'inet.showcases.general' in feature 'generalshowcases' was not found.
opp_featuretool: Error: NED package 'inet.showcases.visualizer' in feature 'visualizershowcases' was not found.
opp_featuretool: Error: NED package 'inet.showcases.wireless' in feature 'wirelessshowcases' was not found.
opp_featuretool: Error: NED package 'inet.tutorials.wireless' in feature 'wirelesstutorial' was not found.
opp_featuretool: Error: NED package 'inet.tutorials.visualization' in feature 'visualizationtutorial' was not found.
opp_featuretool: Error: NED package 'inet.tutorials.configurator' in feature 'configuratortutorial' was not found.
opp_featuretool: Error: NED package 'inet.tutorials.rip' in feature 'riptutorial' was not found.
opp_featuretool: Error: NED package 'inet.showcases.general' in feature 'generalshowcases' was not found.
opp_featuretool: Error: NED package 'inet.showcases.visualizer' in feature 'visualizershowcases' was not found.
opp_featuretool: Error: NED package 'inet.showcases.wireless' in feature 'wirelessshowcases' was not found.
opp_featuretool: Error: NED package 'inet.tutorials.wireless' in feature 'wirelesstutorial' was not found.
opp_featuretool: Error: NED package 'inet.tutorials.visualization' in feature 'visualizationtutorial' was not found.
opp_featuretool: Error: NED package 'inet.tutorials.configurator' in feature 'configuratortutorial' was not found.
opp_featuretool: Error: NED package 'inet.tutorials.rip' in feature 'riptutorial' was not found.
opp_featuretool: Error: NED package 'inet.showcases.general' in feature 'generalshowcases' was not found.
opp_featuretool: Error: NED package 'inet.showcases.visualizer' in feature 'visualizershowcases' was not found.
opp_featuretool: Error: NED package 'inet.showcases.wireless' in feature 'wirelessshowcases' was not found.
*** COMPILING with:
clang++ -c -std=c++11 -O3 -DNDEBUG=1 -MMD -MP -MF .d  -fPIC  -Wno-deprecated-register -Wno-unused-function -fno-omit-frame-pointer -DHAVE_SWAPCONTEXT -DWITH_MPI -DXMLPARSER=libxml -DPREFER_QTENV -DWITH_QTENV -DWITH_PARSIM -DWITH_NETBUILDER -DWITH_OSG -DWITH_OSGEARTH -Wno-overloaded-virtual -include inet/common/precompiled_release.h  -DINET_EXPORT -I. -I/home/tsn3/omnetpp-5.6.1/include
*** LINKING with:
clang++ -shared -fPIC -o ../out/clang-release/src/libINET.so -Wl,--no-as-needed -Wl,--whole-archive  -Wl,--no-whole-archive -loppenvir -loppsim -ldl -lstdc++  -losg -losgText -losgDB -losgGA -losgViewer -losgUtil -lOpenThreads  -losgEarth -losgEarthUtil  -Wl,-rpath,/home/tsn3/omnetpp-5.6.1/lib -Wl,-rpath,/lib -Wl,-rpath,.  -L/home/tsn3/omnetpp-5.6.1/lib
Building...
make[1]: Nothing to be done for 'all-pch'.
make[1]: Leaving directory '/home/tsn3/omnetpp-5.6.1/workspacegcl/inet/src'
21:33:52 **** Incremental Build of configuration gcc-release for project nesting ****
make MODE=release -j4 all 
cd src && make
make[1]: Entering directory '/home/tsn3/omnetpp-5.6.1/workspacegcl/nesting/src'
make[1]: Nothing to be done for 'all'.
make[1]: Leaving directory '/home/tsn3/omnetpp-5.6.1/workspacegcl/nesting/src'
cd simulations && make
make[1]: Entering directory '/home/tsn3/omnetpp-5.6.1/workspacegcl/nesting/simulations'
make[1]: Nothing to be done for 'all'.
make[1]: Leaving directory '/home/tsn3/omnetpp-5.6.1/workspacegcl/nesting/simulations'
